<?xml version="1.0" encoding="UTF-8"?>
<testng-results ignored="0" total="1" passed="1" failed="0" skipped="0">
  <reporter-output>
  </reporter-output>
  <suite started-at="2026-03-04T23:14:37 IST" name="Surefire suite" finished-at="2026-03-04T23:14:41 IST" duration-ms="4358">
    <groups>
    </groups>
    <test started-at="2026-03-04T23:14:37 IST" name="Surefire test" finished-at="2026-03-04T23:14:41 IST" duration-ms="4358">
      <class name="MedicureTest">
        <test-method signature="openWebsite()[pri:0, instance:MedicureTest@4450d156]" started-at="2026-03-04T23:14:37 IST" name="openWebsite" finished-at="2026-03-04T23:14:41 IST" duration-ms="4316" status="PASS">
          <reporter-output>
          </reporter-output>
        </test-method> <!-- openWebsite -->
      </class> <!-- MedicureTest -->
    </test> <!-- Surefire test -->
  </suite> <!-- Surefire suite -->
</testng-results>
